[debug] [2024-05-29T00:57:16.914Z] ----------------------------------------------------------------------
[debug] [2024-05-29T00:57:16.916Z] Command:       /home/caio-domingos/.nvm/versions/node/v20.14.0/bin/node /home/caio-domingos/.nvm/versions/node/v20.14.0/bin/firebase emulators:start --only functions
[debug] [2024-05-29T00:57:16.916Z] CLI Version:   13.10.2
[debug] [2024-05-29T00:57:16.916Z] Platform:      linux
[debug] [2024-05-29T00:57:16.917Z] Node Version:  v20.14.0
[debug] [2024-05-29T00:57:16.917Z] Time:          Tue May 28 2024 21:57:16 GMT-0300 (Brasilia Standard Time)
[debug] [2024-05-29T00:57:16.917Z] ----------------------------------------------------------------------
[debug] 
[debug] [2024-05-29T00:57:17.007Z] > command requires scopes: ["email","openid","https://www.googleapis.com/auth/cloudplatformprojects.readonly","https://www.googleapis.com/auth/firebase","https://www.googleapis.com/auth/cloud-platform"]
[debug] [2024-05-29T00:57:17.007Z] > authorizing via signed-in user (caio.domingos@thinkless.com.br)
[info] i  emulators: Starting emulators: functions {"metadata":{"emulator":{"name":"hub"},"message":"Starting emulators: functions"}}
[debug] [2024-05-29T00:57:17.012Z] assigned listening specs for emulators {"user":{"hub":[{"address":"127.0.0.1","family":"IPv4","port":4400}],"ui":[{"address":"127.0.0.1","family":"IPv4","port":4000}],"logging":[{"address":"127.0.0.1","family":"IPv4","port":4500}]},"metadata":{"message":"assigned listening specs for emulators"}}
[debug] [2024-05-29T00:57:17.016Z] [hub] writing locator at /tmp/hub-thinkless.json
[debug] [2024-05-29T00:57:17.031Z] late-assigned ports for functions and eventarc emulators {"user":{"hub":[{"address":"127.0.0.1","family":"IPv4","port":4400}],"ui":[{"address":"127.0.0.1","family":"IPv4","port":4000}],"logging":[{"address":"127.0.0.1","family":"IPv4","port":4500}],"functions":[{"address":"127.0.0.1","family":"IPv4","port":5001}],"eventarc":[{"address":"127.0.0.1","family":"IPv4","port":9299}]},"metadata":{"message":"late-assigned ports for functions and eventarc emulators"}}
[warn] ⚠  functions: The following emulators are not running, calls to these services from the Functions emulator will affect production: auth, firestore, database, hosting, pubsub, storage, dataconnect {"metadata":{"emulator":{"name":"functions"},"message":"The following emulators are not running, calls to these services from the Functions emulator will affect production: \u001b[1mauth, firestore, database, hosting, pubsub, storage, dataconnect\u001b[22m"}}
[debug] [2024-05-29T00:57:17.034Z] defaultcredentials: writing to file /home/caio-domingos/.config/firebase/caio_domingos_thinkless.com.br_application_default_credentials.json
[debug] [2024-05-29T00:57:17.036Z] Setting GAC to /home/caio-domingos/.config/firebase/caio_domingos_thinkless.com.br_application_default_credentials.json {"metadata":{"emulator":{"name":"functions"},"message":"Setting GAC to /home/caio-domingos/.config/firebase/caio_domingos_thinkless.com.br_application_default_credentials.json"}}
[debug] [2024-05-29T00:57:17.037Z] > refreshing access token with scopes: []
[debug] [2024-05-29T00:57:17.038Z] >>> [apiv2][query] POST https://www.googleapis.com/oauth2/v3/token [none]
[debug] [2024-05-29T00:57:17.039Z] >>> [apiv2][body] POST https://www.googleapis.com/oauth2/v3/token [omitted]
[debug] [2024-05-29T00:57:17.236Z] <<< [apiv2][status] POST https://www.googleapis.com/oauth2/v3/token 200
[debug] [2024-05-29T00:57:17.236Z] <<< [apiv2][body] POST https://www.googleapis.com/oauth2/v3/token [omitted]
[debug] [2024-05-29T00:57:17.242Z] >>> [apiv2][query] GET https://firebase.googleapis.com/v1beta1/projects/thinkless/adminSdkConfig [none]
[debug] [2024-05-29T00:57:17.692Z] <<< [apiv2][status] GET https://firebase.googleapis.com/v1beta1/projects/thinkless/adminSdkConfig 200
[debug] [2024-05-29T00:57:17.692Z] <<< [apiv2][body] GET https://firebase.googleapis.com/v1beta1/projects/thinkless/adminSdkConfig {"projectId":"thinkless","storageBucket":"thinkless.appspot.com"}
[debug] [2024-05-29T00:57:17.704Z] Ignoring unsupported arg: auto_download {"metadata":{"emulator":{"name":"ui"},"message":"Ignoring unsupported arg: auto_download"}}
[debug] [2024-05-29T00:57:17.704Z] Ignoring unsupported arg: port {"metadata":{"emulator":{"name":"ui"},"message":"Ignoring unsupported arg: port"}}
[debug] [2024-05-29T00:57:17.704Z] Starting Emulator UI with command {"binary":"node","args":["/home/caio-domingos/.cache/firebase/emulators/ui-v1.12.1/server/server.mjs"],"optionalArgs":[],"joinArgs":false,"shell":false} {"metadata":{"emulator":{"name":"ui"},"message":"Starting Emulator UI with command {\"binary\":\"node\",\"args\":[\"/home/caio-domingos/.cache/firebase/emulators/ui-v1.12.1/server/server.mjs\"],\"optionalArgs\":[],\"joinArgs\":false,\"shell\":false}"}}
[info] i  ui: Emulator UI logging to ui-debug.log {"metadata":{"emulator":{"name":"ui"},"message":"Emulator UI logging to \u001b[1mui-debug.log\u001b[22m"}}
[debug] [2024-05-29T00:57:17.802Z] Web / API server started at 127.0.0.1:4000
 {"metadata":{"emulator":{"name":"ui"},"message":"Web / API server started at 127.0.0.1:4000\n"}}
[info] i  functions: Watching "/home/caio-domingos/thinkless/intern/functions" for Cloud Functions... {"metadata":{"emulator":{"name":"functions"},"message":"Watching \"/home/caio-domingos/thinkless/intern/functions\" for Cloud Functions..."}}
[debug] [2024-05-29T00:57:17.914Z] Validating nodejs source
[debug] [2024-05-29T00:57:18.326Z] > [functions] package.json contents: {
  "name": "functions",
  "scripts": {
    "lint": "eslint --ext .js,.ts .",
    "build": "tsc",
    "build:watch": "tsc --watch",
    "serve:only": "firebase emulators:start --only functions",
    "serve": "npm run build && firebase emulators:start --only functions",
    "shell": "npm run build && firebase functions:shell",
    "start": "npm run shell",
    "deploy": "firebase deploy --only functions",
    "logs": "firebase functions:log"
  },
  "engines": {
    "node": "18"
  },
  "main": "lib/index.js",
  "dependencies": {
    "compression": "^1.7.4",
    "cors": "^2.8.5",
    "express": "^4.19.2",
    "firebase-admin": "^12.1.0",
    "firebase-functions": "^5.0.0",
    "helmet": "^7.1.0",
    "hpp": "^0.2.3",
    "mailersend": "^2.2.0",
    "morgan": "^1.10.0"
  },
  "devDependencies": {
    "@types/compression": "^1.7.5",
    "@types/hpp": "^0.2.6",
    "@types/morgan": "^1.9.9",
    "@typescript-eslint/eslint-plugin": "^5.12.0",
    "@typescript-eslint/parser": "^5.12.0",
    "eslint": "^8.9.0",
    "eslint-config-google": "^0.14.0",
    "eslint-plugin-import": "^2.25.4",
    "firebase-functions-test": "^3.1.0",
    "typescript": "^4.9.0"
  },
  "private": true
}
[debug] [2024-05-29T00:57:18.327Z] Building nodejs source
[debug] [2024-05-29T00:57:18.327Z] Failed to find version of module node: reached end of search path /home/caio-domingos/thinkless/intern/functions/node_modules
[warn] ⚠  functions: Your requested "node" version "18" doesn't match your global version "20". Using node@20 from host. 
[debug] [2024-05-29T00:57:18.329Z] Could not find functions.yaml. Must use http discovery
[debug] [2024-05-29T00:57:18.331Z] Found firebase-functions binary at '/home/caio-domingos/thinkless/intern/functions/node_modules/.bin/firebase-functions'
[info] Serving at port 8201

[info] {"severity":"INFO","message":"Adding route: /email"}

[debug] [2024-05-29T00:57:18.686Z] Got response from /__/functions.yaml {"endpoints":{"api":{"availableMemoryMb":null,"timeoutSeconds":null,"minInstances":null,"maxInstances":null,"ingressSettings":null,"concurrency":null,"serviceAccountEmail":null,"vpc":null,"platform":"gcfv2","labels":{},"httpsTrigger":{},"entryPoint":"api"}},"specVersion":"v1alpha1","requiredAPIs":[]}
[info] ✔  functions: Loaded functions definitions from source: api. {"metadata":{"emulator":{"name":"functions"},"message":"Loaded functions definitions from source: api."}}
[info] ✔  functions[us-central1-api]: http function initialized (http://127.0.0.1:5001/thinkless/us-central1/api). {"metadata":{"emulator":{"name":"functions"},"message":"\u001b[1mhttp\u001b[22m function initialized (http://127.0.0.1:5001/thinkless/us-central1/api)."}}
[info] 
┌─────────────────────────────────────────────────────────────┐
│ ✔  All emulators ready! It is now safe to connect your app. │
│ i  View Emulator UI at http://127.0.0.1:4000/               │
└─────────────────────────────────────────────────────────────┘

┌───────────┬────────────────┬─────────────────────────────────┐
│ Emulator  │ Host:Port      │ View in Emulator UI             │
├───────────┼────────────────┼─────────────────────────────────┤
│ Functions │ 127.0.0.1:5001 │ http://127.0.0.1:4000/functions │
└───────────┴────────────────┴─────────────────────────────────┘
  Emulator Hub running at 127.0.0.1:4400
  Other reserved ports: 4500

Issues? Report them at https://github.com/firebase/firebase-tools/issues and attach the *-debug.log files.
 
[debug] [2024-05-29T01:16:32.191Z] File /home/caio-domingos/thinkless/intern/functions/src/api/utils/email.handler.ts changed, reloading triggers {"metadata":{"emulator":{"name":"functions"},"message":"File /home/caio-domingos/thinkless/intern/functions/src/api/utils/email.handler.ts changed, reloading triggers"}}
[debug] [2024-05-29T01:16:32.488Z] File /home/caio-domingos/thinkless/intern/functions/lib/api/utils/email.handler.js.map changed, reloading triggers {"metadata":{"emulator":{"name":"functions"},"message":"File /home/caio-domingos/thinkless/intern/functions/lib/api/utils/email.handler.js.map changed, reloading triggers"}}
[debug] [2024-05-29T01:16:32.489Z] File /home/caio-domingos/thinkless/intern/functions/lib/api/utils/email.handler.js changed, reloading triggers {"metadata":{"emulator":{"name":"functions"},"message":"File /home/caio-domingos/thinkless/intern/functions/lib/api/utils/email.handler.js changed, reloading triggers"}}
[debug] [2024-05-29T01:16:33.490Z] Validating nodejs source
[debug] [2024-05-29T01:16:33.917Z] > [functions] package.json contents: {
  "name": "functions",
  "scripts": {
    "lint": "eslint --ext .js,.ts .",
    "build": "tsc",
    "build:watch": "tsc --watch",
    "serve:only": "firebase emulators:start --only functions",
    "serve": "npm run build && firebase emulators:start --only functions",
    "shell": "npm run build && firebase functions:shell",
    "start": "npm run shell",
    "deploy": "firebase deploy --only functions",
    "logs": "firebase functions:log"
  },
  "engines": {
    "node": "18"
  },
  "main": "lib/index.js",
  "dependencies": {
    "compression": "^1.7.4",
    "cors": "^2.8.5",
    "express": "^4.19.2",
    "firebase-admin": "^12.1.0",
    "firebase-functions": "^5.0.0",
    "helmet": "^7.1.0",
    "hpp": "^0.2.3",
    "mailersend": "^2.2.0",
    "morgan": "^1.10.0"
  },
  "devDependencies": {
    "@types/compression": "^1.7.5",
    "@types/hpp": "^0.2.6",
    "@types/morgan": "^1.9.9",
    "@typescript-eslint/eslint-plugin": "^5.12.0",
    "@typescript-eslint/parser": "^5.12.0",
    "eslint": "^8.9.0",
    "eslint-config-google": "^0.14.0",
    "eslint-plugin-import": "^2.25.4",
    "firebase-functions-test": "^3.1.0",
    "typescript": "^4.9.0"
  },
  "private": true
}
[debug] [2024-05-29T01:16:33.917Z] Building nodejs source
[debug] [2024-05-29T01:16:33.917Z] Failed to find version of module node: reached end of search path /home/caio-domingos/thinkless/intern/functions/node_modules
[warn] ⚠  functions: Your requested "node" version "18" doesn't match your global version "20". Using node@20 from host. 
[debug] [2024-05-29T01:16:33.919Z] Could not find functions.yaml. Must use http discovery
[debug] [2024-05-29T01:16:33.921Z] Found firebase-functions binary at '/home/caio-domingos/thinkless/intern/functions/node_modules/.bin/firebase-functions'
[info] Serving at port 8230

[info] {"severity":"INFO","message":"Adding route: /email"}

[debug] [2024-05-29T01:16:34.253Z] Got response from /__/functions.yaml {"endpoints":{"api":{"availableMemoryMb":null,"timeoutSeconds":null,"minInstances":null,"maxInstances":null,"ingressSettings":null,"concurrency":null,"serviceAccountEmail":null,"vpc":null,"platform":"gcfv2","labels":{},"httpsTrigger":{},"entryPoint":"api"}},"specVersion":"v1alpha1","requiredAPIs":[]}
[debug] [2024-05-29T01:16:36.301Z] File /home/caio-domingos/thinkless/intern/functions/src/api/utils/email.handler.ts changed, reloading triggers {"metadata":{"emulator":{"name":"functions"},"message":"File /home/caio-domingos/thinkless/intern/functions/src/api/utils/email.handler.ts changed, reloading triggers"}}
[debug] [2024-05-29T01:16:36.599Z] File /home/caio-domingos/thinkless/intern/functions/lib/api/utils/email.handler.js.map changed, reloading triggers {"metadata":{"emulator":{"name":"functions"},"message":"File /home/caio-domingos/thinkless/intern/functions/lib/api/utils/email.handler.js.map changed, reloading triggers"}}
[debug] [2024-05-29T01:16:36.599Z] File /home/caio-domingos/thinkless/intern/functions/lib/api/utils/email.handler.js changed, reloading triggers {"metadata":{"emulator":{"name":"functions"},"message":"File /home/caio-domingos/thinkless/intern/functions/lib/api/utils/email.handler.js changed, reloading triggers"}}
[debug] [2024-05-29T01:16:37.600Z] Validating nodejs source
[debug] [2024-05-29T01:16:38.080Z] > [functions] package.json contents: {
  "name": "functions",
  "scripts": {
    "lint": "eslint --ext .js,.ts .",
    "build": "tsc",
    "build:watch": "tsc --watch",
    "serve:only": "firebase emulators:start --only functions",
    "serve": "npm run build && firebase emulators:start --only functions",
    "shell": "npm run build && firebase functions:shell",
    "start": "npm run shell",
    "deploy": "firebase deploy --only functions",
    "logs": "firebase functions:log"
  },
  "engines": {
    "node": "18"
  },
  "main": "lib/index.js",
  "dependencies": {
    "compression": "^1.7.4",
    "cors": "^2.8.5",
    "express": "^4.19.2",
    "firebase-admin": "^12.1.0",
    "firebase-functions": "^5.0.0",
    "helmet": "^7.1.0",
    "hpp": "^0.2.3",
    "mailersend": "^2.2.0",
    "morgan": "^1.10.0"
  },
  "devDependencies": {
    "@types/compression": "^1.7.5",
    "@types/hpp": "^0.2.6",
    "@types/morgan": "^1.9.9",
    "@typescript-eslint/eslint-plugin": "^5.12.0",
    "@typescript-eslint/parser": "^5.12.0",
    "eslint": "^8.9.0",
    "eslint-config-google": "^0.14.0",
    "eslint-plugin-import": "^2.25.4",
    "firebase-functions-test": "^3.1.0",
    "typescript": "^4.9.0"
  },
  "private": true
}
[debug] [2024-05-29T01:16:38.080Z] Building nodejs source
[debug] [2024-05-29T01:16:38.080Z] Failed to find version of module node: reached end of search path /home/caio-domingos/thinkless/intern/functions/node_modules
[warn] ⚠  functions: Your requested "node" version "18" doesn't match your global version "20". Using node@20 from host. 
[debug] [2024-05-29T01:16:38.081Z] Could not find functions.yaml. Must use http discovery
[debug] [2024-05-29T01:16:38.083Z] Found firebase-functions binary at '/home/caio-domingos/thinkless/intern/functions/node_modules/.bin/firebase-functions'
[info] Serving at port 8310

[info] {"severity":"INFO","message":"Adding route: /email"}

[debug] [2024-05-29T01:16:38.418Z] Got response from /__/functions.yaml {"endpoints":{"api":{"availableMemoryMb":null,"timeoutSeconds":null,"minInstances":null,"maxInstances":null,"ingressSettings":null,"concurrency":null,"serviceAccountEmail":null,"vpc":null,"platform":"gcfv2","labels":{},"httpsTrigger":{},"entryPoint":"api"}},"specVersion":"v1alpha1","requiredAPIs":[]}
[info] ✔  functions: Loaded functions definitions from source: api. {"metadata":{"emulator":{"name":"functions"},"message":"Loaded functions definitions from source: api."}}
[info] ✔  functions: Loaded functions definitions from source: api. {"metadata":{"emulator":{"name":"functions"},"message":"Loaded functions definitions from source: api."}}
[debug] [2024-05-29T01:21:18.392Z] File /home/caio-domingos/thinkless/intern/functions/src/api/utils/email.handler.ts changed, reloading triggers {"metadata":{"emulator":{"name":"functions"},"message":"File /home/caio-domingos/thinkless/intern/functions/src/api/utils/email.handler.ts changed, reloading triggers"}}
[debug] [2024-05-29T01:21:18.687Z] File /home/caio-domingos/thinkless/intern/functions/lib/api/utils/email.handler.js.map changed, reloading triggers {"metadata":{"emulator":{"name":"functions"},"message":"File /home/caio-domingos/thinkless/intern/functions/lib/api/utils/email.handler.js.map changed, reloading triggers"}}
[debug] [2024-05-29T01:21:18.688Z] File /home/caio-domingos/thinkless/intern/functions/lib/api/utils/email.handler.js changed, reloading triggers {"metadata":{"emulator":{"name":"functions"},"message":"File /home/caio-domingos/thinkless/intern/functions/lib/api/utils/email.handler.js changed, reloading triggers"}}
[debug] [2024-05-29T01:21:19.690Z] Validating nodejs source
[debug] [2024-05-29T01:21:20.334Z] > [functions] package.json contents: {
  "name": "functions",
  "scripts": {
    "lint": "eslint --ext .js,.ts .",
    "build": "tsc",
    "build:watch": "tsc --watch",
    "serve:only": "firebase emulators:start --only functions",
    "serve": "npm run build && firebase emulators:start --only functions",
    "shell": "npm run build && firebase functions:shell",
    "start": "npm run shell",
    "deploy": "firebase deploy --only functions",
    "logs": "firebase functions:log"
  },
  "engines": {
    "node": "18"
  },
  "main": "lib/index.js",
  "dependencies": {
    "compression": "^1.7.4",
    "cors": "^2.8.5",
    "express": "^4.19.2",
    "firebase-admin": "^12.1.0",
    "firebase-functions": "^5.0.0",
    "helmet": "^7.1.0",
    "hpp": "^0.2.3",
    "mailersend": "^2.2.0",
    "morgan": "^1.10.0"
  },
  "devDependencies": {
    "@types/compression": "^1.7.5",
    "@types/hpp": "^0.2.6",
    "@types/morgan": "^1.9.9",
    "@typescript-eslint/eslint-plugin": "^5.12.0",
    "@typescript-eslint/parser": "^5.12.0",
    "eslint": "^8.9.0",
    "eslint-config-google": "^0.14.0",
    "eslint-plugin-import": "^2.25.4",
    "firebase-functions-test": "^3.1.0",
    "typescript": "^4.9.0"
  },
  "private": true
}
[debug] [2024-05-29T01:21:20.334Z] Building nodejs source
[debug] [2024-05-29T01:21:20.334Z] Failed to find version of module node: reached end of search path /home/caio-domingos/thinkless/intern/functions/node_modules
[warn] ⚠  functions: Your requested "node" version "18" doesn't match your global version "20". Using node@20 from host. 
[debug] [2024-05-29T01:21:20.336Z] Could not find functions.yaml. Must use http discovery
[debug] [2024-05-29T01:21:20.340Z] Found firebase-functions binary at '/home/caio-domingos/thinkless/intern/functions/node_modules/.bin/firebase-functions'
[info] Serving at port 8993

[info] {"severity":"INFO","message":"Adding route: /email"}

[debug] [2024-05-29T01:21:20.744Z] Got response from /__/functions.yaml {"endpoints":{"api":{"availableMemoryMb":null,"timeoutSeconds":null,"minInstances":null,"maxInstances":null,"ingressSettings":null,"concurrency":null,"serviceAccountEmail":null,"vpc":null,"platform":"gcfv2","labels":{},"httpsTrigger":{},"entryPoint":"api"}},"specVersion":"v1alpha1","requiredAPIs":[]}
[info] ✔  functions: Loaded functions definitions from source: api. {"metadata":{"emulator":{"name":"functions"},"message":"Loaded functions definitions from source: api."}}
[debug] [2024-05-29T01:26:01.474Z] File /home/caio-domingos/thinkless/intern/functions/src/api/utils/email.handler.ts changed, reloading triggers {"metadata":{"emulator":{"name":"functions"},"message":"File /home/caio-domingos/thinkless/intern/functions/src/api/utils/email.handler.ts changed, reloading triggers"}}
[debug] [2024-05-29T01:26:01.757Z] File /home/caio-domingos/thinkless/intern/functions/lib/api/utils/email.handler.js.map changed, reloading triggers {"metadata":{"emulator":{"name":"functions"},"message":"File /home/caio-domingos/thinkless/intern/functions/lib/api/utils/email.handler.js.map changed, reloading triggers"}}
[debug] [2024-05-29T01:26:01.758Z] File /home/caio-domingos/thinkless/intern/functions/lib/api/utils/email.handler.js changed, reloading triggers {"metadata":{"emulator":{"name":"functions"},"message":"File /home/caio-domingos/thinkless/intern/functions/lib/api/utils/email.handler.js changed, reloading triggers"}}
[debug] [2024-05-29T01:26:02.758Z] Validating nodejs source
[debug] [2024-05-29T01:26:03.213Z] > [functions] package.json contents: {
  "name": "functions",
  "scripts": {
    "lint": "eslint --ext .js,.ts .",
    "build": "tsc",
    "build:watch": "tsc --watch",
    "serve:only": "firebase emulators:start --only functions",
    "serve": "npm run build && firebase emulators:start --only functions",
    "shell": "npm run build && firebase functions:shell",
    "start": "npm run shell",
    "deploy": "firebase deploy --only functions",
    "logs": "firebase functions:log"
  },
  "engines": {
    "node": "18"
  },
  "main": "lib/index.js",
  "dependencies": {
    "compression": "^1.7.4",
    "cors": "^2.8.5",
    "express": "^4.19.2",
    "firebase-admin": "^12.1.0",
    "firebase-functions": "^5.0.0",
    "helmet": "^7.1.0",
    "hpp": "^0.2.3",
    "mailersend": "^2.2.0",
    "morgan": "^1.10.0"
  },
  "devDependencies": {
    "@types/compression": "^1.7.5",
    "@types/hpp": "^0.2.6",
    "@types/morgan": "^1.9.9",
    "@typescript-eslint/eslint-plugin": "^5.12.0",
    "@typescript-eslint/parser": "^5.12.0",
    "eslint": "^8.9.0",
    "eslint-config-google": "^0.14.0",
    "eslint-plugin-import": "^2.25.4",
    "firebase-functions-test": "^3.1.0",
    "typescript": "^4.9.0"
  },
  "private": true
}
[debug] [2024-05-29T01:26:03.213Z] Building nodejs source
[debug] [2024-05-29T01:26:03.213Z] Failed to find version of module node: reached end of search path /home/caio-domingos/thinkless/intern/functions/node_modules
[warn] ⚠  functions: Your requested "node" version "18" doesn't match your global version "20". Using node@20 from host. 
[debug] [2024-05-29T01:26:03.215Z] Could not find functions.yaml. Must use http discovery
[debug] [2024-05-29T01:26:03.218Z] Found firebase-functions binary at '/home/caio-domingos/thinkless/intern/functions/node_modules/.bin/firebase-functions'
[info] Serving at port 8073

[info] {"severity":"INFO","message":"Adding route: /email"}

[debug] [2024-05-29T01:26:03.584Z] Got response from /__/functions.yaml {"endpoints":{"api":{"availableMemoryMb":null,"timeoutSeconds":null,"minInstances":null,"maxInstances":null,"ingressSettings":null,"concurrency":null,"serviceAccountEmail":null,"vpc":null,"platform":"gcfv2","labels":{},"httpsTrigger":{},"entryPoint":"api"}},"specVersion":"v1alpha1","requiredAPIs":[]}
[info] ✔  functions: Loaded functions definitions from source: api. {"metadata":{"emulator":{"name":"functions"},"message":"Loaded functions definitions from source: api."}}
[debug] [2024-05-29T01:27:05.981Z] File /home/caio-domingos/thinkless/intern/functions/src/api/utils/email.handler.ts changed, reloading triggers {"metadata":{"emulator":{"name":"functions"},"message":"File /home/caio-domingos/thinkless/intern/functions/src/api/utils/email.handler.ts changed, reloading triggers"}}
[debug] [2024-05-29T01:27:06.268Z] File /home/caio-domingos/thinkless/intern/functions/lib/api/utils/email.handler.js.map changed, reloading triggers {"metadata":{"emulator":{"name":"functions"},"message":"File /home/caio-domingos/thinkless/intern/functions/lib/api/utils/email.handler.js.map changed, reloading triggers"}}
[debug] [2024-05-29T01:27:06.268Z] File /home/caio-domingos/thinkless/intern/functions/lib/api/utils/email.handler.js changed, reloading triggers {"metadata":{"emulator":{"name":"functions"},"message":"File /home/caio-domingos/thinkless/intern/functions/lib/api/utils/email.handler.js changed, reloading triggers"}}
[debug] [2024-05-29T01:27:07.269Z] Validating nodejs source
[debug] [2024-05-29T01:27:07.704Z] > [functions] package.json contents: {
  "name": "functions",
  "scripts": {
    "lint": "eslint --ext .js,.ts .",
    "build": "tsc",
    "build:watch": "tsc --watch",
    "serve:only": "firebase emulators:start --only functions",
    "serve": "npm run build && firebase emulators:start --only functions",
    "shell": "npm run build && firebase functions:shell",
    "start": "npm run shell",
    "deploy": "firebase deploy --only functions",
    "logs": "firebase functions:log"
  },
  "engines": {
    "node": "18"
  },
  "main": "lib/index.js",
  "dependencies": {
    "compression": "^1.7.4",
    "cors": "^2.8.5",
    "express": "^4.19.2",
    "firebase-admin": "^12.1.0",
    "firebase-functions": "^5.0.0",
    "helmet": "^7.1.0",
    "hpp": "^0.2.3",
    "mailersend": "^2.2.0",
    "morgan": "^1.10.0"
  },
  "devDependencies": {
    "@types/compression": "^1.7.5",
    "@types/hpp": "^0.2.6",
    "@types/morgan": "^1.9.9",
    "@typescript-eslint/eslint-plugin": "^5.12.0",
    "@typescript-eslint/parser": "^5.12.0",
    "eslint": "^8.9.0",
    "eslint-config-google": "^0.14.0",
    "eslint-plugin-import": "^2.25.4",
    "firebase-functions-test": "^3.1.0",
    "typescript": "^4.9.0"
  },
  "private": true
}
[debug] [2024-05-29T01:27:07.705Z] Building nodejs source
[debug] [2024-05-29T01:27:07.705Z] Failed to find version of module node: reached end of search path /home/caio-domingos/thinkless/intern/functions/node_modules
[warn] ⚠  functions: Your requested "node" version "18" doesn't match your global version "20". Using node@20 from host. 
[debug] [2024-05-29T01:27:07.707Z] Could not find functions.yaml. Must use http discovery
[debug] [2024-05-29T01:27:07.707Z] Found firebase-functions binary at '/home/caio-domingos/thinkless/intern/functions/node_modules/.bin/firebase-functions'
[info] Serving at port 8645

[info] {"severity":"INFO","message":"Adding route: /email"}

[debug] [2024-05-29T01:27:08.002Z] Got response from /__/functions.yaml {"endpoints":{"api":{"availableMemoryMb":null,"timeoutSeconds":null,"minInstances":null,"maxInstances":null,"ingressSettings":null,"concurrency":null,"serviceAccountEmail":null,"vpc":null,"platform":"gcfv2","labels":{},"httpsTrigger":{},"entryPoint":"api"}},"specVersion":"v1alpha1","requiredAPIs":[]}
[info] ✔  functions: Loaded functions definitions from source: api. {"metadata":{"emulator":{"name":"functions"},"message":"Loaded functions definitions from source: api."}}
[debug] [2024-05-29T02:15:45.055Z] File /home/caio-domingos/thinkless/intern/functions/src/api/routes/email/email.controller.ts changed, reloading triggers {"metadata":{"emulator":{"name":"functions"},"message":"File /home/caio-domingos/thinkless/intern/functions/src/api/routes/email/email.controller.ts changed, reloading triggers"}}
[debug] [2024-05-29T02:15:46.076Z] Validating nodejs source
[debug] [2024-05-29T02:15:47.281Z] > [functions] package.json contents: {
  "name": "functions",
  "scripts": {
    "lint": "eslint --ext .js,.ts .",
    "build": "tsc",
    "build:watch": "tsc --watch",
    "serve:only": "firebase emulators:start --only functions",
    "serve": "npm run build && firebase emulators:start --only functions",
    "shell": "npm run build && firebase functions:shell",
    "start": "npm run shell",
    "deploy": "firebase deploy --only functions",
    "logs": "firebase functions:log"
  },
  "engines": {
    "node": "18"
  },
  "main": "lib/index.js",
  "dependencies": {
    "compression": "^1.7.4",
    "cors": "^2.8.5",
    "express": "^4.19.2",
    "firebase-admin": "^12.1.0",
    "firebase-functions": "^5.0.0",
    "helmet": "^7.1.0",
    "hpp": "^0.2.3",
    "mailersend": "^2.2.0",
    "morgan": "^1.10.0"
  },
  "devDependencies": {
    "@types/compression": "^1.7.5",
    "@types/hpp": "^0.2.6",
    "@types/morgan": "^1.9.9",
    "@typescript-eslint/eslint-plugin": "^5.12.0",
    "@typescript-eslint/parser": "^5.12.0",
    "eslint": "^8.9.0",
    "eslint-config-google": "^0.14.0",
    "eslint-plugin-import": "^2.25.4",
    "firebase-functions-test": "^3.1.0",
    "typescript": "^4.9.0"
  },
  "private": true
}
[debug] [2024-05-29T02:15:47.282Z] Building nodejs source
[debug] [2024-05-29T02:15:47.282Z] Failed to find version of module node: reached end of search path /home/caio-domingos/thinkless/intern/functions/node_modules
[warn] ⚠  functions: Your requested "node" version "18" doesn't match your global version "20". Using node@20 from host. 
[debug] [2024-05-29T02:15:47.296Z] Could not find functions.yaml. Must use http discovery
[debug] [2024-05-29T02:15:47.304Z] Found firebase-functions binary at '/home/caio-domingos/thinkless/intern/functions/node_modules/.bin/firebase-functions'
[debug] [2024-05-29T02:15:47.348Z] File /home/caio-domingos/thinkless/intern/functions/lib/api/routes/email/email.controller.js.map changed, reloading triggers {"metadata":{"emulator":{"name":"functions"},"message":"File /home/caio-domingos/thinkless/intern/functions/lib/api/routes/email/email.controller.js.map changed, reloading triggers"}}
[debug] [2024-05-29T02:15:47.348Z] File /home/caio-domingos/thinkless/intern/functions/lib/api/routes/email/email.controller.js changed, reloading triggers {"metadata":{"emulator":{"name":"functions"},"message":"File /home/caio-domingos/thinkless/intern/functions/lib/api/routes/email/email.controller.js changed, reloading triggers"}}
[debug] [2024-05-29T02:15:47.349Z] File /home/caio-domingos/thinkless/intern/functions/lib/api/routes/email/email.route.js.map changed, reloading triggers {"metadata":{"emulator":{"name":"functions"},"message":"File /home/caio-domingos/thinkless/intern/functions/lib/api/routes/email/email.route.js.map changed, reloading triggers"}}
[debug] [2024-05-29T02:15:47.350Z] File /home/caio-domingos/thinkless/intern/functions/lib/api/routes/email/email.route.js changed, reloading triggers {"metadata":{"emulator":{"name":"functions"},"message":"File /home/caio-domingos/thinkless/intern/functions/lib/api/routes/email/email.route.js changed, reloading triggers"}}
[debug] [2024-05-29T02:15:47.351Z] File /home/caio-domingos/thinkless/intern/functions/lib/api/routes/routes.js.map changed, reloading triggers {"metadata":{"emulator":{"name":"functions"},"message":"File /home/caio-domingos/thinkless/intern/functions/lib/api/routes/routes.js.map changed, reloading triggers"}}
[debug] [2024-05-29T02:15:47.351Z] File /home/caio-domingos/thinkless/intern/functions/lib/api/routes/routes.js changed, reloading triggers {"metadata":{"emulator":{"name":"functions"},"message":"File /home/caio-domingos/thinkless/intern/functions/lib/api/routes/routes.js changed, reloading triggers"}}
[debug] [2024-05-29T02:15:47.352Z] File /home/caio-domingos/thinkless/intern/functions/lib/api/app.js.map changed, reloading triggers {"metadata":{"emulator":{"name":"functions"},"message":"File /home/caio-domingos/thinkless/intern/functions/lib/api/app.js.map changed, reloading triggers"}}
[debug] [2024-05-29T02:15:47.353Z] File /home/caio-domingos/thinkless/intern/functions/lib/api/app.js changed, reloading triggers {"metadata":{"emulator":{"name":"functions"},"message":"File /home/caio-domingos/thinkless/intern/functions/lib/api/app.js changed, reloading triggers"}}
[debug] [2024-05-29T02:15:47.354Z] File /home/caio-domingos/thinkless/intern/functions/lib/index.js.map changed, reloading triggers {"metadata":{"emulator":{"name":"functions"},"message":"File /home/caio-domingos/thinkless/intern/functions/lib/index.js.map changed, reloading triggers"}}
[debug] [2024-05-29T02:15:47.354Z] File /home/caio-domingos/thinkless/intern/functions/lib/index.js changed, reloading triggers {"metadata":{"emulator":{"name":"functions"},"message":"File /home/caio-domingos/thinkless/intern/functions/lib/index.js changed, reloading triggers"}}
[info] Serving at port 8424

[info] {"severity":"INFO","message":"Adding route: /email"}

[debug] [2024-05-29T02:15:47.974Z] Got response from /__/functions.yaml {"endpoints":{"api":{"availableMemoryMb":null,"timeoutSeconds":null,"minInstances":null,"maxInstances":null,"ingressSettings":null,"concurrency":null,"serviceAccountEmail":null,"vpc":null,"platform":"gcfv2","labels":{},"httpsTrigger":{},"entryPoint":"api"}},"specVersion":"v1alpha1","requiredAPIs":[]}
[debug] [2024-05-29T02:15:48.355Z] Validating nodejs source
[debug] [2024-05-29T02:15:48.969Z] > [functions] package.json contents: {
  "name": "functions",
  "scripts": {
    "lint": "eslint --ext .js,.ts .",
    "build": "tsc",
    "build:watch": "tsc --watch",
    "serve:only": "firebase emulators:start --only functions",
    "serve": "npm run build && firebase emulators:start --only functions",
    "shell": "npm run build && firebase functions:shell",
    "start": "npm run shell",
    "deploy": "firebase deploy --only functions",
    "logs": "firebase functions:log"
  },
  "engines": {
    "node": "18"
  },
  "main": "lib/index.js",
  "dependencies": {
    "compression": "^1.7.4",
    "cors": "^2.8.5",
    "express": "^4.19.2",
    "firebase-admin": "^12.1.0",
    "firebase-functions": "^5.0.0",
    "helmet": "^7.1.0",
    "hpp": "^0.2.3",
    "mailersend": "^2.2.0",
    "morgan": "^1.10.0"
  },
  "devDependencies": {
    "@types/compression": "^1.7.5",
    "@types/hpp": "^0.2.6",
    "@types/morgan": "^1.9.9",
    "@typescript-eslint/eslint-plugin": "^5.12.0",
    "@typescript-eslint/parser": "^5.12.0",
    "eslint": "^8.9.0",
    "eslint-config-google": "^0.14.0",
    "eslint-plugin-import": "^2.25.4",
    "firebase-functions-test": "^3.1.0",
    "typescript": "^4.9.0"
  },
  "private": true
}
[debug] [2024-05-29T02:15:48.970Z] Building nodejs source
[debug] [2024-05-29T02:15:48.970Z] Failed to find version of module node: reached end of search path /home/caio-domingos/thinkless/intern/functions/node_modules
[warn] ⚠  functions: Your requested "node" version "18" doesn't match your global version "20". Using node@20 from host. 
[debug] [2024-05-29T02:15:48.971Z] Could not find functions.yaml. Must use http discovery
[debug] [2024-05-29T02:15:48.974Z] Found firebase-functions binary at '/home/caio-domingos/thinkless/intern/functions/node_modules/.bin/firebase-functions'
[info] Serving at port 8767

[info] {"severity":"INFO","message":"Adding route: /email"}

[debug] [2024-05-29T02:15:49.539Z] Got response from /__/functions.yaml {"endpoints":{"api":{"availableMemoryMb":null,"timeoutSeconds":null,"minInstances":null,"maxInstances":null,"ingressSettings":null,"concurrency":null,"serviceAccountEmail":null,"vpc":null,"platform":"gcfv2","labels":{},"httpsTrigger":{},"entryPoint":"api"}},"specVersion":"v1alpha1","requiredAPIs":[]}
[info] ✔  functions: Loaded functions definitions from source: api. {"metadata":{"emulator":{"name":"functions"},"message":"Loaded functions definitions from source: api."}}
[info] ✔  functions: Loaded functions definitions from source: api. {"metadata":{"emulator":{"name":"functions"},"message":"Loaded functions definitions from source: api."}}
[debug] [2024-05-29T02:16:03.450Z] File /home/caio-domingos/thinkless/intern/functions/src/api/routes/email/email.controller.ts changed, reloading triggers {"metadata":{"emulator":{"name":"functions"},"message":"File /home/caio-domingos/thinkless/intern/functions/src/api/routes/email/email.controller.ts changed, reloading triggers"}}
[debug] [2024-05-29T02:16:03.777Z] File /home/caio-domingos/thinkless/intern/functions/lib/api/routes/email/email.controller.js.map changed, reloading triggers {"metadata":{"emulator":{"name":"functions"},"message":"File /home/caio-domingos/thinkless/intern/functions/lib/api/routes/email/email.controller.js.map changed, reloading triggers"}}
[debug] [2024-05-29T02:16:03.780Z] File /home/caio-domingos/thinkless/intern/functions/lib/api/routes/email/email.controller.js changed, reloading triggers {"metadata":{"emulator":{"name":"functions"},"message":"File /home/caio-domingos/thinkless/intern/functions/lib/api/routes/email/email.controller.js changed, reloading triggers"}}
[debug] [2024-05-29T02:16:04.782Z] Validating nodejs source
[debug] [2024-05-29T02:16:05.294Z] > [functions] package.json contents: {
  "name": "functions",
  "scripts": {
    "lint": "eslint --ext .js,.ts .",
    "build": "tsc",
    "build:watch": "tsc --watch",
    "serve:only": "firebase emulators:start --only functions",
    "serve": "npm run build && firebase emulators:start --only functions",
    "shell": "npm run build && firebase functions:shell",
    "start": "npm run shell",
    "deploy": "firebase deploy --only functions",
    "logs": "firebase functions:log"
  },
  "engines": {
    "node": "18"
  },
  "main": "lib/index.js",
  "dependencies": {
    "compression": "^1.7.4",
    "cors": "^2.8.5",
    "express": "^4.19.2",
    "firebase-admin": "^12.1.0",
    "firebase-functions": "^5.0.0",
    "helmet": "^7.1.0",
    "hpp": "^0.2.3",
    "mailersend": "^2.2.0",
    "morgan": "^1.10.0"
  },
  "devDependencies": {
    "@types/compression": "^1.7.5",
    "@types/hpp": "^0.2.6",
    "@types/morgan": "^1.9.9",
    "@typescript-eslint/eslint-plugin": "^5.12.0",
    "@typescript-eslint/parser": "^5.12.0",
    "eslint": "^8.9.0",
    "eslint-config-google": "^0.14.0",
    "eslint-plugin-import": "^2.25.4",
    "firebase-functions-test": "^3.1.0",
    "typescript": "^4.9.0"
  },
  "private": true
}
[debug] [2024-05-29T02:16:05.294Z] Building nodejs source
[debug] [2024-05-29T02:16:05.294Z] Failed to find version of module node: reached end of search path /home/caio-domingos/thinkless/intern/functions/node_modules
[warn] ⚠  functions: Your requested "node" version "18" doesn't match your global version "20". Using node@20 from host. 
[debug] [2024-05-29T02:16:05.298Z] Could not find functions.yaml. Must use http discovery
[debug] [2024-05-29T02:16:05.300Z] Found firebase-functions binary at '/home/caio-domingos/thinkless/intern/functions/node_modules/.bin/firebase-functions'
[info] Serving at port 8298

[info] {"severity":"INFO","message":"Adding route: /email"}

[debug] [2024-05-29T02:16:05.723Z] Got response from /__/functions.yaml {"endpoints":{"api":{"availableMemoryMb":null,"timeoutSeconds":null,"minInstances":null,"maxInstances":null,"ingressSettings":null,"concurrency":null,"serviceAccountEmail":null,"vpc":null,"platform":"gcfv2","labels":{},"httpsTrigger":{},"entryPoint":"api"}},"specVersion":"v1alpha1","requiredAPIs":[]}
[info] ✔  functions: Loaded functions definitions from source: api. {"metadata":{"emulator":{"name":"functions"},"message":"Loaded functions definitions from source: api."}}
[debug] [2024-05-29T02:16:38.108Z] File /home/caio-domingos/thinkless/intern/functions/src/api/routes/email/email.controller.ts changed, reloading triggers {"metadata":{"emulator":{"name":"functions"},"message":"File /home/caio-domingos/thinkless/intern/functions/src/api/routes/email/email.controller.ts changed, reloading triggers"}}
[debug] [2024-05-29T02:16:38.435Z] File /home/caio-domingos/thinkless/intern/functions/lib/api/routes/email/email.controller.js.map changed, reloading triggers {"metadata":{"emulator":{"name":"functions"},"message":"File /home/caio-domingos/thinkless/intern/functions/lib/api/routes/email/email.controller.js.map changed, reloading triggers"}}
[debug] [2024-05-29T02:16:38.435Z] File /home/caio-domingos/thinkless/intern/functions/lib/api/routes/email/email.controller.js changed, reloading triggers {"metadata":{"emulator":{"name":"functions"},"message":"File /home/caio-domingos/thinkless/intern/functions/lib/api/routes/email/email.controller.js changed, reloading triggers"}}
[debug] [2024-05-29T02:16:39.436Z] Validating nodejs source
[debug] [2024-05-29T02:16:40.013Z] > [functions] package.json contents: {
  "name": "functions",
  "scripts": {
    "lint": "eslint --ext .js,.ts .",
    "build": "tsc",
    "build:watch": "tsc --watch",
    "serve:only": "firebase emulators:start --only functions",
    "serve": "npm run build && firebase emulators:start --only functions",
    "shell": "npm run build && firebase functions:shell",
    "start": "npm run shell",
    "deploy": "firebase deploy --only functions",
    "logs": "firebase functions:log"
  },
  "engines": {
    "node": "18"
  },
  "main": "lib/index.js",
  "dependencies": {
    "compression": "^1.7.4",
    "cors": "^2.8.5",
    "express": "^4.19.2",
    "firebase-admin": "^12.1.0",
    "firebase-functions": "^5.0.0",
    "helmet": "^7.1.0",
    "hpp": "^0.2.3",
    "mailersend": "^2.2.0",
    "morgan": "^1.10.0"
  },
  "devDependencies": {
    "@types/compression": "^1.7.5",
    "@types/hpp": "^0.2.6",
    "@types/morgan": "^1.9.9",
    "@typescript-eslint/eslint-plugin": "^5.12.0",
    "@typescript-eslint/parser": "^5.12.0",
    "eslint": "^8.9.0",
    "eslint-config-google": "^0.14.0",
    "eslint-plugin-import": "^2.25.4",
    "firebase-functions-test": "^3.1.0",
    "typescript": "^4.9.0"
  },
  "private": true
}
[debug] [2024-05-29T02:16:40.013Z] Building nodejs source
[debug] [2024-05-29T02:16:40.013Z] Failed to find version of module node: reached end of search path /home/caio-domingos/thinkless/intern/functions/node_modules
[warn] ⚠  functions: Your requested "node" version "18" doesn't match your global version "20". Using node@20 from host. 
[debug] [2024-05-29T02:16:40.014Z] Could not find functions.yaml. Must use http discovery
[debug] [2024-05-29T02:16:40.016Z] Found firebase-functions binary at '/home/caio-domingos/thinkless/intern/functions/node_modules/.bin/firebase-functions'
[info] Serving at port 8975

[info] {"severity":"INFO","message":"Adding route: /email"}

[debug] [2024-05-29T02:16:40.503Z] Got response from /__/functions.yaml {"endpoints":{"api":{"availableMemoryMb":null,"timeoutSeconds":null,"minInstances":null,"maxInstances":null,"ingressSettings":null,"concurrency":null,"serviceAccountEmail":null,"vpc":null,"platform":"gcfv2","labels":{},"httpsTrigger":{},"entryPoint":"api"}},"specVersion":"v1alpha1","requiredAPIs":[]}
[info] ✔  functions: Loaded functions definitions from source: api. {"metadata":{"emulator":{"name":"functions"},"message":"Loaded functions definitions from source: api."}}
[debug] [2024-05-29T02:18:39.216Z] File /home/caio-domingos/thinkless/intern/functions/src/api/routes/email/email.controller.ts changed, reloading triggers {"metadata":{"emulator":{"name":"functions"},"message":"File /home/caio-domingos/thinkless/intern/functions/src/api/routes/email/email.controller.ts changed, reloading triggers"}}
[debug] [2024-05-29T02:18:39.626Z] File /home/caio-domingos/thinkless/intern/functions/lib/api/routes/email/email.controller.js.map changed, reloading triggers {"metadata":{"emulator":{"name":"functions"},"message":"File /home/caio-domingos/thinkless/intern/functions/lib/api/routes/email/email.controller.js.map changed, reloading triggers"}}
[debug] [2024-05-29T02:18:39.627Z] File /home/caio-domingos/thinkless/intern/functions/lib/api/routes/email/email.controller.js changed, reloading triggers {"metadata":{"emulator":{"name":"functions"},"message":"File /home/caio-domingos/thinkless/intern/functions/lib/api/routes/email/email.controller.js changed, reloading triggers"}}
[debug] [2024-05-29T02:18:40.628Z] Validating nodejs source
[debug] [2024-05-29T02:18:41.084Z] > [functions] package.json contents: {
  "name": "functions",
  "scripts": {
    "lint": "eslint --ext .js,.ts .",
    "build": "tsc",
    "build:watch": "tsc --watch",
    "serve:only": "firebase emulators:start --only functions",
    "serve": "npm run build && firebase emulators:start --only functions",
    "shell": "npm run build && firebase functions:shell",
    "start": "npm run shell",
    "deploy": "firebase deploy --only functions",
    "logs": "firebase functions:log"
  },
  "engines": {
    "node": "18"
  },
  "main": "lib/index.js",
  "dependencies": {
    "compression": "^1.7.4",
    "cors": "^2.8.5",
    "express": "^4.19.2",
    "firebase-admin": "^12.1.0",
    "firebase-functions": "^5.0.0",
    "helmet": "^7.1.0",
    "hpp": "^0.2.3",
    "mailersend": "^2.2.0",
    "morgan": "^1.10.0"
  },
  "devDependencies": {
    "@types/compression": "^1.7.5",
    "@types/hpp": "^0.2.6",
    "@types/morgan": "^1.9.9",
    "@typescript-eslint/eslint-plugin": "^5.12.0",
    "@typescript-eslint/parser": "^5.12.0",
    "eslint": "^8.9.0",
    "eslint-config-google": "^0.14.0",
    "eslint-plugin-import": "^2.25.4",
    "firebase-functions-test": "^3.1.0",
    "typescript": "^4.9.0"
  },
  "private": true
}
[debug] [2024-05-29T02:18:41.084Z] Building nodejs source
[debug] [2024-05-29T02:18:41.084Z] Failed to find version of module node: reached end of search path /home/caio-domingos/thinkless/intern/functions/node_modules
[warn] ⚠  functions: Your requested "node" version "18" doesn't match your global version "20". Using node@20 from host. 
[debug] [2024-05-29T02:18:41.085Z] Could not find functions.yaml. Must use http discovery
[debug] [2024-05-29T02:18:41.088Z] Found firebase-functions binary at '/home/caio-domingos/thinkless/intern/functions/node_modules/.bin/firebase-functions'
[info] Serving at port 8629

[info] {"severity":"INFO","message":"Adding route: /email"}

[debug] [2024-05-29T02:18:41.439Z] Got response from /__/functions.yaml {"endpoints":{"api":{"availableMemoryMb":null,"timeoutSeconds":null,"minInstances":null,"maxInstances":null,"ingressSettings":null,"concurrency":null,"serviceAccountEmail":null,"vpc":null,"platform":"gcfv2","labels":{},"httpsTrigger":{},"entryPoint":"api"}},"specVersion":"v1alpha1","requiredAPIs":[]}
[info] ✔  functions: Loaded functions definitions from source: api. {"metadata":{"emulator":{"name":"functions"},"message":"Loaded functions definitions from source: api."}}
[debug] [2024-05-29T02:20:42.433Z] File /home/caio-domingos/thinkless/intern/functions/src/api/routes/email/email.controller.ts changed, reloading triggers {"metadata":{"emulator":{"name":"functions"},"message":"File /home/caio-domingos/thinkless/intern/functions/src/api/routes/email/email.controller.ts changed, reloading triggers"}}
[debug] [2024-05-29T02:20:42.774Z] File /home/caio-domingos/thinkless/intern/functions/lib/api/routes/email/email.controller.js.map changed, reloading triggers {"metadata":{"emulator":{"name":"functions"},"message":"File /home/caio-domingos/thinkless/intern/functions/lib/api/routes/email/email.controller.js.map changed, reloading triggers"}}
[debug] [2024-05-29T02:20:42.774Z] File /home/caio-domingos/thinkless/intern/functions/lib/api/routes/email/email.controller.js changed, reloading triggers {"metadata":{"emulator":{"name":"functions"},"message":"File /home/caio-domingos/thinkless/intern/functions/lib/api/routes/email/email.controller.js changed, reloading triggers"}}
[debug] [2024-05-29T02:20:43.776Z] Validating nodejs source
[debug] [2024-05-29T02:20:44.256Z] > [functions] package.json contents: {
  "name": "functions",
  "scripts": {
    "lint": "eslint --ext .js,.ts .",
    "build": "tsc",
    "build:watch": "tsc --watch",
    "serve:only": "firebase emulators:start --only functions",
    "serve": "npm run build && firebase emulators:start --only functions",
    "shell": "npm run build && firebase functions:shell",
    "start": "npm run shell",
    "deploy": "firebase deploy --only functions",
    "logs": "firebase functions:log"
  },
  "engines": {
    "node": "18"
  },
  "main": "lib/index.js",
  "dependencies": {
    "compression": "^1.7.4",
    "cors": "^2.8.5",
    "express": "^4.19.2",
    "firebase-admin": "^12.1.0",
    "firebase-functions": "^5.0.0",
    "helmet": "^7.1.0",
    "hpp": "^0.2.3",
    "mailersend": "^2.2.0",
    "morgan": "^1.10.0"
  },
  "devDependencies": {
    "@types/compression": "^1.7.5",
    "@types/hpp": "^0.2.6",
    "@types/morgan": "^1.9.9",
    "@typescript-eslint/eslint-plugin": "^5.12.0",
    "@typescript-eslint/parser": "^5.12.0",
    "eslint": "^8.9.0",
    "eslint-config-google": "^0.14.0",
    "eslint-plugin-import": "^2.25.4",
    "firebase-functions-test": "^3.1.0",
    "typescript": "^4.9.0"
  },
  "private": true
}
[debug] [2024-05-29T02:20:44.256Z] Building nodejs source
[debug] [2024-05-29T02:20:44.256Z] Failed to find version of module node: reached end of search path /home/caio-domingos/thinkless/intern/functions/node_modules
[warn] ⚠  functions: Your requested "node" version "18" doesn't match your global version "20". Using node@20 from host. 
[debug] [2024-05-29T02:20:44.257Z] Could not find functions.yaml. Must use http discovery
[debug] [2024-05-29T02:20:44.259Z] Found firebase-functions binary at '/home/caio-domingos/thinkless/intern/functions/node_modules/.bin/firebase-functions'
[info] Serving at port 8018

[info] {"severity":"INFO","message":"Adding route: /email"}

[debug] [2024-05-29T02:20:44.742Z] Got response from /__/functions.yaml {"endpoints":{"api":{"availableMemoryMb":null,"timeoutSeconds":null,"minInstances":null,"maxInstances":null,"ingressSettings":null,"concurrency":null,"serviceAccountEmail":null,"vpc":null,"platform":"gcfv2","labels":{},"httpsTrigger":{},"entryPoint":"api"}},"specVersion":"v1alpha1","requiredAPIs":[]}
[info] ✔  functions: Loaded functions definitions from source: api. {"metadata":{"emulator":{"name":"functions"},"message":"Loaded functions definitions from source: api."}}
[debug] [2024-05-29T02:22:50.743Z] [work-queue] {"queuedWork":["/thinkless/us-central1/api/email/send-2024-05-29T02:22:50.743Z"],"queueLength":1,"runningWork":[],"workRunningCount":0}
[debug] [2024-05-29T02:22:50.744Z] [work-queue] {"queuedWork":[],"queueLength":0,"runningWork":["/thinkless/us-central1/api/email/send-2024-05-29T02:22:50.743Z"],"workRunningCount":1}
[debug] [2024-05-29T02:22:50.746Z] Accepted request POST /thinkless/us-central1/api/email/send --> us-central1-api
[debug] [2024-05-29T02:22:50.755Z] [functions] Runtime ready! Sending request! {"metadata":{"emulator":{"name":"functions"},"message":"[functions] Runtime ready! Sending request!"}}
[debug] [2024-05-29T02:22:50.756Z] [functions] Got req.url=/thinkless/us-central1/api/email/send, mapping to path=/email/send {"metadata":{"emulator":{"name":"functions"},"message":"[functions] Got req.url=/thinkless/us-central1/api/email/send, mapping to path=/email/send"}}
[debug] [2024-05-29T02:22:50.766Z] [worker-pool] addWorker(us-central1-api) {"metadata":{"emulator":{"name":"functions"},"message":"[worker-pool] addWorker(us-central1-api)"}}
[debug] [2024-05-29T02:22:50.768Z] [worker-pool] Adding worker with key us-central1-api, total=1 {"metadata":{"emulator":{"name":"functions"},"message":"[worker-pool] Adding worker with key us-central1-api, total=1"}}
[debug] [2024-05-29T02:22:52.532Z] [runtime-status] [479213] Resolved module firebase-admin {"declared":true,"installed":true,"version":"12.1.1","resolution":"/home/caio-domingos/thinkless/intern/functions/node_modules/firebase-admin/lib/index.js"} {"metadata":{"emulator":{"name":"functions"},"function":{"name":"us-central1-api"},"extension":{},"message":"[runtime-status] [479213] Resolved module firebase-admin {\"declared\":true,\"installed\":true,\"version\":\"12.1.1\",\"resolution\":\"/home/caio-domingos/thinkless/intern/functions/node_modules/firebase-admin/lib/index.js\"}"}}
[debug] [2024-05-29T02:22:52.532Z] [runtime-status] [479213] Resolved module firebase-functions {"declared":true,"installed":true,"version":"5.0.1","resolution":"/home/caio-domingos/thinkless/intern/functions/node_modules/firebase-functions/lib/v1/index.js"} {"metadata":{"emulator":{"name":"functions"},"function":{"name":"us-central1-api"},"extension":{},"message":"[runtime-status] [479213] Resolved module firebase-functions {\"declared\":true,\"installed\":true,\"version\":\"5.0.1\",\"resolution\":\"/home/caio-domingos/thinkless/intern/functions/node_modules/firebase-functions/lib/v1/index.js\"}"}}
[debug] [2024-05-29T02:22:52.532Z] [runtime-status] [479213] Outgoing network have been stubbed. [{"name":"http","status":"mocked"},{"name":"http","status":"mocked"},{"name":"https","status":"mocked"},{"name":"https","status":"mocked"},{"name":"net","status":"mocked"}] {"metadata":{"emulator":{"name":"functions"},"function":{"name":"us-central1-api"},"extension":{},"message":"[runtime-status] [479213] Outgoing network have been stubbed. [{\"name\":\"http\",\"status\":\"mocked\"},{\"name\":\"http\",\"status\":\"mocked\"},{\"name\":\"https\",\"status\":\"mocked\"},{\"name\":\"https\",\"status\":\"mocked\"},{\"name\":\"net\",\"status\":\"mocked\"}]"}}
[debug] [2024-05-29T02:22:52.532Z] [runtime-status] [479213] Resolved module firebase-functions {"declared":true,"installed":true,"version":"5.0.1","resolution":"/home/caio-domingos/thinkless/intern/functions/node_modules/firebase-functions/lib/v1/index.js"} {"metadata":{"emulator":{"name":"functions"},"function":{"name":"us-central1-api"},"extension":{},"message":"[runtime-status] [479213] Resolved module firebase-functions {\"declared\":true,\"installed\":true,\"version\":\"5.0.1\",\"resolution\":\"/home/caio-domingos/thinkless/intern/functions/node_modules/firebase-functions/lib/v1/index.js\"}"}}
[debug] [2024-05-29T02:22:52.666Z] [runtime-status] [479213] Checked functions.config() {"config":{}} {"metadata":{"emulator":{"name":"functions"},"function":{"name":"us-central1-api"},"extension":{},"message":"[runtime-status] [479213] Checked functions.config() {\"config\":{}}"}}
[debug] [2024-05-29T02:22:52.666Z] [runtime-status] [479213] firebase-functions has been stubbed. {"functionsResolution":{"declared":true,"installed":true,"version":"5.0.1","resolution":"/home/caio-domingos/thinkless/intern/functions/node_modules/firebase-functions/lib/v1/index.js"}} {"metadata":{"emulator":{"name":"functions"},"function":{"name":"us-central1-api"},"extension":{},"message":"[runtime-status] [479213] firebase-functions has been stubbed. {\"functionsResolution\":{\"declared\":true,\"installed\":true,\"version\":\"5.0.1\",\"resolution\":\"/home/caio-domingos/thinkless/intern/functions/node_modules/firebase-functions/lib/v1/index.js\"}}"}}
[debug] [2024-05-29T02:22:52.667Z] [runtime-status] [479213] Resolved module firebase-functions {"declared":true,"installed":true,"version":"5.0.1","resolution":"/home/caio-domingos/thinkless/intern/functions/node_modules/firebase-functions/lib/v1/index.js"} {"metadata":{"emulator":{"name":"functions"},"function":{"name":"us-central1-api"},"extension":{},"message":"[runtime-status] [479213] Resolved module firebase-functions {\"declared\":true,\"installed\":true,\"version\":\"5.0.1\",\"resolution\":\"/home/caio-domingos/thinkless/intern/functions/node_modules/firebase-functions/lib/v1/index.js\"}"}}
[debug] [2024-05-29T02:22:52.669Z] [runtime-status] [479213] Resolved module firebase-admin {"declared":true,"installed":true,"version":"12.1.1","resolution":"/home/caio-domingos/thinkless/intern/functions/node_modules/firebase-admin/lib/index.js"} {"metadata":{"emulator":{"name":"functions"},"function":{"name":"us-central1-api"},"extension":{},"message":"[runtime-status] [479213] Resolved module firebase-admin {\"declared\":true,\"installed\":true,\"version\":\"12.1.1\",\"resolution\":\"/home/caio-domingos/thinkless/intern/functions/node_modules/firebase-admin/lib/index.js\"}"}}
[debug] [2024-05-29T02:22:52.672Z] [runtime-status] [479213] Resolved module firebase-functions {"declared":true,"installed":true,"version":"5.0.1","resolution":"/home/caio-domingos/thinkless/intern/functions/node_modules/firebase-functions/lib/v1/index.js"} {"metadata":{"emulator":{"name":"functions"},"function":{"name":"us-central1-api"},"extension":{},"message":"[runtime-status] [479213] Resolved module firebase-functions {\"declared\":true,\"installed\":true,\"version\":\"5.0.1\",\"resolution\":\"/home/caio-domingos/thinkless/intern/functions/node_modules/firebase-functions/lib/v1/index.js\"}"}}
[debug] [2024-05-29T02:22:52.673Z] [runtime-status] [479213] firebase-admin has been stubbed. {"adminResolution":{"declared":true,"installed":true,"version":"12.1.1","resolution":"/home/caio-domingos/thinkless/intern/functions/node_modules/firebase-admin/lib/index.js"}} {"metadata":{"emulator":{"name":"functions"},"function":{"name":"us-central1-api"},"extension":{},"message":"[runtime-status] [479213] firebase-admin has been stubbed. {\"adminResolution\":{\"declared\":true,\"installed\":true,\"version\":\"12.1.1\",\"resolution\":\"/home/caio-domingos/thinkless/intern/functions/node_modules/firebase-admin/lib/index.js\"}}"}}
[info] >  {"severity":"INFO","message":"Adding route: /email"} {"user":{"severity":"INFO","message":"Adding route: /email"},"metadata":{"emulator":{"name":"functions"},"function":{"name":"us-central1-api"},"extension":{},"message":"\u001b[90m> \u001b[39m {\"severity\":\"INFO\",\"message\":\"Adding route: /email\"}"}}
[debug] [2024-05-29T02:22:52.770Z] [runtime-status] [479213] Functions runtime initialized. {"cwd":"/home/caio-domingos/thinkless/intern/functions","node_version":"20.14.0"} {"metadata":{"emulator":{"name":"functions"},"function":{"name":"us-central1-api"},"extension":{},"message":"[runtime-status] [479213] Functions runtime initialized. {\"cwd\":\"/home/caio-domingos/thinkless/intern/functions\",\"node_version\":\"20.14.0\"}"}}
[debug] [2024-05-29T02:22:52.772Z] [runtime-status] [479213] Listening to port: /tmp/fire_emu_dbbf884f3b47667d.sock {"metadata":{"emulator":{"name":"functions"},"function":{"name":"us-central1-api"},"extension":{},"message":"[runtime-status] [479213] Listening to port: /tmp/fire_emu_dbbf884f3b47667d.sock"}}
[debug] [2024-05-29T02:22:52.794Z] [worker-us-central1-api-1cdc7d55-569d-4f23-994c-8f389520681f]: IDLE {"metadata":{"emulator":{"name":"functions"},"function":{"name":"us-central1-api"},"extension":{},"message":"[worker-us-central1-api-1cdc7d55-569d-4f23-994c-8f389520681f]: IDLE"}}
[debug] [2024-05-29T02:22:52.794Z] [worker-pool] submitRequest(triggerId=us-central1-api) {"metadata":{"emulator":{"name":"functions"},"message":"[worker-pool] submitRequest(triggerId=us-central1-api)"}}
[info] i  functions: Beginning execution of "us-central1-api" {"metadata":{"emulator":{"name":"functions"},"function":{"name":"us-central1-api"},"extension":{},"message":"Beginning execution of \"us-central1-api\""}}
[debug] [2024-05-29T02:22:52.795Z] [worker-us-central1-api-1cdc7d55-569d-4f23-994c-8f389520681f]: BUSY {"metadata":{"emulator":{"name":"functions"},"function":{"name":"us-central1-api"},"extension":{},"message":"[worker-us-central1-api-1cdc7d55-569d-4f23-994c-8f389520681f]: BUSY"}}
[warn] ⚠  External network resource requested!
   - URL: "https://api.mailersend.com/v1/email"
 - Be careful, this may be a production service. {"metadata":{"emulator":{"name":"functions"},"function":{"name":"us-central1-api"},"extension":{},"message":"External network resource requested!\n   - URL: \"https://api.mailersend.com/v1/email\"\n - Be careful, this may be a production service."}}
[debug] [2024-05-29T02:22:53.854Z] Finishing up request with event=pause {"metadata":{"emulator":{"name":"functions"},"function":{"name":"us-central1-api"},"extension":{},"message":"Finishing up request with event=pause"}}
[info] i  functions: Finished "us-central1-api" in 1059.544896ms {"metadata":{"emulator":{"name":"functions"},"function":{"name":"us-central1-api"},"extension":{},"message":"Finished \"us-central1-api\" in 1059.544896ms"}}
[debug] [2024-05-29T02:22:53.855Z] [worker-us-central1-api-1cdc7d55-569d-4f23-994c-8f389520681f]: IDLE {"metadata":{"emulator":{"name":"functions"},"function":{"name":"us-central1-api"},"extension":{},"message":"[worker-us-central1-api-1cdc7d55-569d-4f23-994c-8f389520681f]: IDLE"}}
[debug] [2024-05-29T02:22:53.855Z] Finishing up request with event=finish {"metadata":{"emulator":{"name":"functions"},"function":{"name":"us-central1-api"},"extension":{},"message":"Finishing up request with event=finish"}}
[debug] [2024-05-29T02:22:53.856Z] Finishing up request with event=close {"metadata":{"emulator":{"name":"functions"},"function":{"name":"us-central1-api"},"extension":{},"message":"Finishing up request with event=close"}}
[debug] [2024-05-29T02:22:53.856Z] [work-queue] {"queuedWork":[],"queueLength":0,"runningWork":[],"workRunningCount":0}
[info] >  POST /email/send 200 1024.725 ms - 545 {"user":"\u001b[0mPOST /email/send \u001b[32m200\u001b[0m 1024.725 ms - 545\u001b[0m","metadata":{"emulator":{"name":"functions"},"function":{"name":"us-central1-api"},"extension":{},"message":"\u001b[90m> \u001b[39m \u001b[0mPOST /email/send \u001b[32m200\u001b[0m 1024.725 ms - 545\u001b[0m"}}
[debug] [2024-05-29T02:23:20.200Z] File /home/caio-domingos/thinkless/intern/functions/src/api/routes/email/email.controller.ts changed, reloading triggers {"metadata":{"emulator":{"name":"functions"},"message":"File /home/caio-domingos/thinkless/intern/functions/src/api/routes/email/email.controller.ts changed, reloading triggers"}}
[debug] [2024-05-29T02:23:20.539Z] File /home/caio-domingos/thinkless/intern/functions/lib/api/routes/email/email.controller.js.map changed, reloading triggers {"metadata":{"emulator":{"name":"functions"},"message":"File /home/caio-domingos/thinkless/intern/functions/lib/api/routes/email/email.controller.js.map changed, reloading triggers"}}
[debug] [2024-05-29T02:23:20.539Z] File /home/caio-domingos/thinkless/intern/functions/lib/api/routes/email/email.controller.js changed, reloading triggers {"metadata":{"emulator":{"name":"functions"},"message":"File /home/caio-domingos/thinkless/intern/functions/lib/api/routes/email/email.controller.js changed, reloading triggers"}}
[debug] [2024-05-29T02:23:21.541Z] Validating nodejs source
[debug] [2024-05-29T02:23:21.971Z] > [functions] package.json contents: {
  "name": "functions",
  "scripts": {
    "lint": "eslint --ext .js,.ts .",
    "build": "tsc",
    "build:watch": "tsc --watch",
    "serve:only": "firebase emulators:start --only functions",
    "serve": "npm run build && firebase emulators:start --only functions",
    "shell": "npm run build && firebase functions:shell",
    "start": "npm run shell",
    "deploy": "firebase deploy --only functions",
    "logs": "firebase functions:log"
  },
  "engines": {
    "node": "18"
  },
  "main": "lib/index.js",
  "dependencies": {
    "compression": "^1.7.4",
    "cors": "^2.8.5",
    "express": "^4.19.2",
    "firebase-admin": "^12.1.0",
    "firebase-functions": "^5.0.0",
    "helmet": "^7.1.0",
    "hpp": "^0.2.3",
    "mailersend": "^2.2.0",
    "morgan": "^1.10.0"
  },
  "devDependencies": {
    "@types/compression": "^1.7.5",
    "@types/hpp": "^0.2.6",
    "@types/morgan": "^1.9.9",
    "@typescript-eslint/eslint-plugin": "^5.12.0",
    "@typescript-eslint/parser": "^5.12.0",
    "eslint": "^8.9.0",
    "eslint-config-google": "^0.14.0",
    "eslint-plugin-import": "^2.25.4",
    "firebase-functions-test": "^3.1.0",
    "typescript": "^4.9.0"
  },
  "private": true
}
[debug] [2024-05-29T02:23:21.971Z] Building nodejs source
[debug] [2024-05-29T02:23:21.971Z] Failed to find version of module node: reached end of search path /home/caio-domingos/thinkless/intern/functions/node_modules
[warn] ⚠  functions: Your requested "node" version "18" doesn't match your global version "20". Using node@20 from host. 
[debug] [2024-05-29T02:23:21.972Z] Could not find functions.yaml. Must use http discovery
[debug] [2024-05-29T02:23:21.973Z] Found firebase-functions binary at '/home/caio-domingos/thinkless/intern/functions/node_modules/.bin/firebase-functions'
[info] Serving at port 8658

[info] {"severity":"INFO","message":"Adding route: /email"}

[debug] [2024-05-29T02:23:22.253Z] Got response from /__/functions.yaml {"endpoints":{"api":{"availableMemoryMb":null,"timeoutSeconds":null,"minInstances":null,"maxInstances":null,"ingressSettings":null,"concurrency":null,"serviceAccountEmail":null,"vpc":null,"platform":"gcfv2","labels":{},"httpsTrigger":{},"entryPoint":"api"}},"specVersion":"v1alpha1","requiredAPIs":[]}
[info] ✔  functions: Loaded functions definitions from source: api. {"metadata":{"emulator":{"name":"functions"},"message":"Loaded functions definitions from source: api."}}
[debug] [2024-05-29T02:23:27.264Z] [worker-pool] Shutting down IDLE worker (us-central1-api) {"metadata":{"emulator":{"name":"functions"},"message":"[worker-pool] Shutting down IDLE worker (us-central1-api)"}}
[debug] [2024-05-29T02:23:27.264Z] [worker-us-central1-api-1cdc7d55-569d-4f23-994c-8f389520681f]: FINISHING {"metadata":{"emulator":{"name":"functions"},"function":{"name":"us-central1-api"},"extension":{},"message":"[worker-us-central1-api-1cdc7d55-569d-4f23-994c-8f389520681f]: FINISHING"}}
[debug] [2024-05-29T02:23:27.268Z] [worker-us-central1-api-1cdc7d55-569d-4f23-994c-8f389520681f]: exited {"metadata":{"emulator":{"name":"functions"},"function":{"name":"us-central1-api"},"extension":{},"message":"[worker-us-central1-api-1cdc7d55-569d-4f23-994c-8f389520681f]: exited"}}
[debug] [2024-05-29T02:23:27.268Z] [worker-us-central1-api-1cdc7d55-569d-4f23-994c-8f389520681f]: FINISHED {"metadata":{"emulator":{"name":"functions"},"function":{"name":"us-central1-api"},"extension":{},"message":"[worker-us-central1-api-1cdc7d55-569d-4f23-994c-8f389520681f]: FINISHED"}}
[debug] [2024-05-29T02:23:31.646Z] [work-queue] {"queuedWork":["/thinkless/us-central1/api/email/send-2024-05-29T02:23:31.646Z"],"queueLength":1,"runningWork":[],"workRunningCount":0}
[debug] [2024-05-29T02:23:31.647Z] [work-queue] {"queuedWork":[],"queueLength":0,"runningWork":["/thinkless/us-central1/api/email/send-2024-05-29T02:23:31.646Z"],"workRunningCount":1}
[debug] [2024-05-29T02:23:31.647Z] Accepted request POST /thinkless/us-central1/api/email/send --> us-central1-api
[debug] [2024-05-29T02:23:31.661Z] [functions] Runtime ready! Sending request! {"metadata":{"emulator":{"name":"functions"},"message":"[functions] Runtime ready! Sending request!"}}
[debug] [2024-05-29T02:23:31.661Z] [functions] Got req.url=/thinkless/us-central1/api/email/send, mapping to path=/email/send {"metadata":{"emulator":{"name":"functions"},"message":"[functions] Got req.url=/thinkless/us-central1/api/email/send, mapping to path=/email/send"}}
[debug] [2024-05-29T02:23:31.661Z] [worker-pool] Cleaned up workers for us-central1-api: 1 --> 0 {"metadata":{"emulator":{"name":"functions"},"message":"[worker-pool] Cleaned up workers for us-central1-api: 1 --> 0"}}
[debug] [2024-05-29T02:23:31.665Z] [worker-pool] addWorker(us-central1-api) {"metadata":{"emulator":{"name":"functions"},"message":"[worker-pool] addWorker(us-central1-api)"}}
[debug] [2024-05-29T02:23:31.666Z] [worker-pool] Adding worker with key us-central1-api, total=1 {"metadata":{"emulator":{"name":"functions"},"message":"[worker-pool] Adding worker with key us-central1-api, total=1"}}
[debug] [2024-05-29T02:23:32.379Z] [runtime-status] [479672] Resolved module firebase-admin {"declared":true,"installed":true,"version":"12.1.1","resolution":"/home/caio-domingos/thinkless/intern/functions/node_modules/firebase-admin/lib/index.js"} {"metadata":{"emulator":{"name":"functions"},"function":{"name":"us-central1-api"},"extension":{},"message":"[runtime-status] [479672] Resolved module firebase-admin {\"declared\":true,\"installed\":true,\"version\":\"12.1.1\",\"resolution\":\"/home/caio-domingos/thinkless/intern/functions/node_modules/firebase-admin/lib/index.js\"}"}}
[debug] [2024-05-29T02:23:32.381Z] [runtime-status] [479672] Resolved module firebase-functions {"declared":true,"installed":true,"version":"5.0.1","resolution":"/home/caio-domingos/thinkless/intern/functions/node_modules/firebase-functions/lib/v1/index.js"} {"metadata":{"emulator":{"name":"functions"},"function":{"name":"us-central1-api"},"extension":{},"message":"[runtime-status] [479672] Resolved module firebase-functions {\"declared\":true,\"installed\":true,\"version\":\"5.0.1\",\"resolution\":\"/home/caio-domingos/thinkless/intern/functions/node_modules/firebase-functions/lib/v1/index.js\"}"}}
[debug] [2024-05-29T02:23:32.381Z] [runtime-status] [479672] Outgoing network have been stubbed. [{"name":"http","status":"mocked"},{"name":"http","status":"mocked"},{"name":"https","status":"mocked"},{"name":"https","status":"mocked"},{"name":"net","status":"mocked"}] {"metadata":{"emulator":{"name":"functions"},"function":{"name":"us-central1-api"},"extension":{},"message":"[runtime-status] [479672] Outgoing network have been stubbed. [{\"name\":\"http\",\"status\":\"mocked\"},{\"name\":\"http\",\"status\":\"mocked\"},{\"name\":\"https\",\"status\":\"mocked\"},{\"name\":\"https\",\"status\":\"mocked\"},{\"name\":\"net\",\"status\":\"mocked\"}]"}}
[debug] [2024-05-29T02:23:32.382Z] [runtime-status] [479672] Resolved module firebase-functions {"declared":true,"installed":true,"version":"5.0.1","resolution":"/home/caio-domingos/thinkless/intern/functions/node_modules/firebase-functions/lib/v1/index.js"} {"metadata":{"emulator":{"name":"functions"},"function":{"name":"us-central1-api"},"extension":{},"message":"[runtime-status] [479672] Resolved module firebase-functions {\"declared\":true,\"installed\":true,\"version\":\"5.0.1\",\"resolution\":\"/home/caio-domingos/thinkless/intern/functions/node_modules/firebase-functions/lib/v1/index.js\"}"}}
[debug] [2024-05-29T02:23:32.513Z] [runtime-status] [479672] Checked functions.config() {"config":{}} {"metadata":{"emulator":{"name":"functions"},"function":{"name":"us-central1-api"},"extension":{},"message":"[runtime-status] [479672] Checked functions.config() {\"config\":{}}"}}
[debug] [2024-05-29T02:23:32.513Z] [runtime-status] [479672] firebase-functions has been stubbed. {"functionsResolution":{"declared":true,"installed":true,"version":"5.0.1","resolution":"/home/caio-domingos/thinkless/intern/functions/node_modules/firebase-functions/lib/v1/index.js"}} {"metadata":{"emulator":{"name":"functions"},"function":{"name":"us-central1-api"},"extension":{},"message":"[runtime-status] [479672] firebase-functions has been stubbed. {\"functionsResolution\":{\"declared\":true,\"installed\":true,\"version\":\"5.0.1\",\"resolution\":\"/home/caio-domingos/thinkless/intern/functions/node_modules/firebase-functions/lib/v1/index.js\"}}"}}
[debug] [2024-05-29T02:23:32.514Z] [runtime-status] [479672] Resolved module firebase-functions {"declared":true,"installed":true,"version":"5.0.1","resolution":"/home/caio-domingos/thinkless/intern/functions/node_modules/firebase-functions/lib/v1/index.js"} {"metadata":{"emulator":{"name":"functions"},"function":{"name":"us-central1-api"},"extension":{},"message":"[runtime-status] [479672] Resolved module firebase-functions {\"declared\":true,\"installed\":true,\"version\":\"5.0.1\",\"resolution\":\"/home/caio-domingos/thinkless/intern/functions/node_modules/firebase-functions/lib/v1/index.js\"}"}}
[debug] [2024-05-29T02:23:32.514Z] [runtime-status] [479672] Resolved module firebase-admin {"declared":true,"installed":true,"version":"12.1.1","resolution":"/home/caio-domingos/thinkless/intern/functions/node_modules/firebase-admin/lib/index.js"} {"metadata":{"emulator":{"name":"functions"},"function":{"name":"us-central1-api"},"extension":{},"message":"[runtime-status] [479672] Resolved module firebase-admin {\"declared\":true,\"installed\":true,\"version\":\"12.1.1\",\"resolution\":\"/home/caio-domingos/thinkless/intern/functions/node_modules/firebase-admin/lib/index.js\"}"}}
[debug] [2024-05-29T02:23:32.516Z] [runtime-status] [479672] Resolved module firebase-functions {"declared":true,"installed":true,"version":"5.0.1","resolution":"/home/caio-domingos/thinkless/intern/functions/node_modules/firebase-functions/lib/v1/index.js"} {"metadata":{"emulator":{"name":"functions"},"function":{"name":"us-central1-api"},"extension":{},"message":"[runtime-status] [479672] Resolved module firebase-functions {\"declared\":true,\"installed\":true,\"version\":\"5.0.1\",\"resolution\":\"/home/caio-domingos/thinkless/intern/functions/node_modules/firebase-functions/lib/v1/index.js\"}"}}
[debug] [2024-05-29T02:23:32.516Z] [runtime-status] [479672] firebase-admin has been stubbed. {"adminResolution":{"declared":true,"installed":true,"version":"12.1.1","resolution":"/home/caio-domingos/thinkless/intern/functions/node_modules/firebase-admin/lib/index.js"}} {"metadata":{"emulator":{"name":"functions"},"function":{"name":"us-central1-api"},"extension":{},"message":"[runtime-status] [479672] firebase-admin has been stubbed. {\"adminResolution\":{\"declared\":true,\"installed\":true,\"version\":\"12.1.1\",\"resolution\":\"/home/caio-domingos/thinkless/intern/functions/node_modules/firebase-admin/lib/index.js\"}}"}}
[info] >  {"severity":"INFO","message":"Adding route: /email"} {"user":{"severity":"INFO","message":"Adding route: /email"},"metadata":{"emulator":{"name":"functions"},"function":{"name":"us-central1-api"},"extension":{},"message":"\u001b[90m> \u001b[39m {\"severity\":\"INFO\",\"message\":\"Adding route: /email\"}"}}
[debug] [2024-05-29T02:23:32.627Z] [runtime-status] [479672] Functions runtime initialized. {"cwd":"/home/caio-domingos/thinkless/intern/functions","node_version":"20.14.0"} {"metadata":{"emulator":{"name":"functions"},"function":{"name":"us-central1-api"},"extension":{},"message":"[runtime-status] [479672] Functions runtime initialized. {\"cwd\":\"/home/caio-domingos/thinkless/intern/functions\",\"node_version\":\"20.14.0\"}"}}
[debug] [2024-05-29T02:23:32.635Z] [runtime-status] [479672] Listening to port: /tmp/fire_emu_f1712beeb5625fcf.sock {"metadata":{"emulator":{"name":"functions"},"function":{"name":"us-central1-api"},"extension":{},"message":"[runtime-status] [479672] Listening to port: /tmp/fire_emu_f1712beeb5625fcf.sock"}}
[debug] [2024-05-29T02:23:32.681Z] [worker-us-central1-api-db3c9267-2920-4b8f-b6a9-af6c358b45f1]: IDLE {"metadata":{"emulator":{"name":"functions"},"function":{"name":"us-central1-api"},"extension":{},"message":"[worker-us-central1-api-db3c9267-2920-4b8f-b6a9-af6c358b45f1]: IDLE"}}
[debug] [2024-05-29T02:23:32.682Z] [worker-pool] submitRequest(triggerId=us-central1-api) {"metadata":{"emulator":{"name":"functions"},"message":"[worker-pool] submitRequest(triggerId=us-central1-api)"}}
[info] i  functions: Beginning execution of "us-central1-api" {"metadata":{"emulator":{"name":"functions"},"function":{"name":"us-central1-api"},"extension":{},"message":"Beginning execution of \"us-central1-api\""}}
[debug] [2024-05-29T02:23:32.683Z] [worker-us-central1-api-db3c9267-2920-4b8f-b6a9-af6c358b45f1]: BUSY {"metadata":{"emulator":{"name":"functions"},"function":{"name":"us-central1-api"},"extension":{},"message":"[worker-us-central1-api-db3c9267-2920-4b8f-b6a9-af6c358b45f1]: BUSY"}}
[warn] ⚠  External network resource requested!
   - URL: "https://api.mailersend.com/v1/email"
 - Be careful, this may be a production service. {"metadata":{"emulator":{"name":"functions"},"function":{"name":"us-central1-api"},"extension":{},"message":"External network resource requested!\n   - URL: \"https://api.mailersend.com/v1/email\"\n - Be careful, this may be a production service."}}
[debug] [2024-05-29T02:23:34.341Z] Finishing up request with event=pause {"metadata":{"emulator":{"name":"functions"},"function":{"name":"us-central1-api"},"extension":{},"message":"Finishing up request with event=pause"}}
[info] i  functions: Finished "us-central1-api" in 1658.430594ms {"metadata":{"emulator":{"name":"functions"},"function":{"name":"us-central1-api"},"extension":{},"message":"Finished \"us-central1-api\" in 1658.430594ms"}}
[debug] [2024-05-29T02:23:34.341Z] [worker-us-central1-api-db3c9267-2920-4b8f-b6a9-af6c358b45f1]: IDLE {"metadata":{"emulator":{"name":"functions"},"function":{"name":"us-central1-api"},"extension":{},"message":"[worker-us-central1-api-db3c9267-2920-4b8f-b6a9-af6c358b45f1]: IDLE"}}
[debug] [2024-05-29T02:23:34.341Z] Finishing up request with event=finish {"metadata":{"emulator":{"name":"functions"},"function":{"name":"us-central1-api"},"extension":{},"message":"Finishing up request with event=finish"}}
[debug] [2024-05-29T02:23:34.342Z] Finishing up request with event=close {"metadata":{"emulator":{"name":"functions"},"function":{"name":"us-central1-api"},"extension":{},"message":"Finishing up request with event=close"}}
[debug] [2024-05-29T02:23:34.342Z] [work-queue] {"queuedWork":[],"queueLength":0,"runningWork":[],"workRunningCount":0}
[info] >  POST /email/send 200 1641.421 ms - 545 {"user":"\u001b[0mPOST /email/send \u001b[32m200\u001b[0m 1641.421 ms - 545\u001b[0m","metadata":{"emulator":{"name":"functions"},"function":{"name":"us-central1-api"},"extension":{},"message":"\u001b[90m> \u001b[39m \u001b[0mPOST /email/send \u001b[32m200\u001b[0m 1641.421 ms - 545\u001b[0m"}}
[debug] [2024-05-29T03:01:24.356Z] [work-queue] {"queuedWork":["/thinkless/us-central1/api/email/send-2024-05-29T03:01:24.354Z"],"queueLength":1,"runningWork":[],"workRunningCount":0}
[debug] [2024-05-29T03:01:24.365Z] [work-queue] {"queuedWork":[],"queueLength":0,"runningWork":["/thinkless/us-central1/api/email/send-2024-05-29T03:01:24.354Z"],"workRunningCount":1}
[debug] [2024-05-29T03:01:24.366Z] Accepted request POST /thinkless/us-central1/api/email/send --> us-central1-api
[debug] [2024-05-29T03:01:24.390Z] [functions] Runtime ready! Sending request! {"metadata":{"emulator":{"name":"functions"},"message":"[functions] Runtime ready! Sending request!"}}
[debug] [2024-05-29T03:01:24.392Z] [functions] Got req.url=/thinkless/us-central1/api/email/send, mapping to path=/email/send {"metadata":{"emulator":{"name":"functions"},"message":"[functions] Got req.url=/thinkless/us-central1/api/email/send, mapping to path=/email/send"}}
[debug] [2024-05-29T03:01:24.392Z] [worker-pool] submitRequest(triggerId=us-central1-api) {"metadata":{"emulator":{"name":"functions"},"message":"[worker-pool] submitRequest(triggerId=us-central1-api)"}}
[info] i  functions: Beginning execution of "us-central1-api" {"metadata":{"emulator":{"name":"functions"},"function":{"name":"us-central1-api"},"extension":{},"message":"Beginning execution of \"us-central1-api\""}}
[debug] [2024-05-29T03:01:24.396Z] [worker-us-central1-api-db3c9267-2920-4b8f-b6a9-af6c358b45f1]: BUSY {"metadata":{"emulator":{"name":"functions"},"function":{"name":"us-central1-api"},"extension":{},"message":"[worker-us-central1-api-db3c9267-2920-4b8f-b6a9-af6c358b45f1]: BUSY"}}
[debug] [2024-05-29T03:01:25.055Z] Finishing up request with event=pause {"metadata":{"emulator":{"name":"functions"},"function":{"name":"us-central1-api"},"extension":{},"message":"Finishing up request with event=pause"}}
[info] i  functions: Finished "us-central1-api" in 659.727045ms {"metadata":{"emulator":{"name":"functions"},"function":{"name":"us-central1-api"},"extension":{},"message":"Finished \"us-central1-api\" in 659.727045ms"}}
[debug] [2024-05-29T03:01:25.056Z] [worker-us-central1-api-db3c9267-2920-4b8f-b6a9-af6c358b45f1]: IDLE {"metadata":{"emulator":{"name":"functions"},"function":{"name":"us-central1-api"},"extension":{},"message":"[worker-us-central1-api-db3c9267-2920-4b8f-b6a9-af6c358b45f1]: IDLE"}}
[debug] [2024-05-29T03:01:25.056Z] Finishing up request with event=finish {"metadata":{"emulator":{"name":"functions"},"function":{"name":"us-central1-api"},"extension":{},"message":"Finishing up request with event=finish"}}
[debug] [2024-05-29T03:01:25.056Z] Finishing up request with event=close {"metadata":{"emulator":{"name":"functions"},"function":{"name":"us-central1-api"},"extension":{},"message":"Finishing up request with event=close"}}
[debug] [2024-05-29T03:01:25.056Z] [work-queue] {"queuedWork":[],"queueLength":0,"runningWork":[],"workRunningCount":0}
[info] >  POST /email/send 200 623.092 ms - 545 {"user":"\u001b[0mPOST /email/send \u001b[32m200\u001b[0m 623.092 ms - 545\u001b[0m","metadata":{"emulator":{"name":"functions"},"function":{"name":"us-central1-api"},"extension":{},"message":"\u001b[90m> \u001b[39m \u001b[0mPOST /email/send \u001b[32m200\u001b[0m 623.092 ms - 545\u001b[0m"}}
[debug] [2024-05-29T03:01:25.130Z] [work-queue] {"queuedWork":["/thinkless/us-central1/api/email/send-2024-05-29T03:01:25.130Z"],"queueLength":1,"runningWork":[],"workRunningCount":0}
[debug] [2024-05-29T03:01:25.130Z] [work-queue] {"queuedWork":[],"queueLength":0,"runningWork":["/thinkless/us-central1/api/email/send-2024-05-29T03:01:25.130Z"],"workRunningCount":1}
[debug] [2024-05-29T03:01:25.130Z] Accepted request POST /thinkless/us-central1/api/email/send --> us-central1-api
[debug] [2024-05-29T03:01:25.131Z] [functions] Runtime ready! Sending request! {"metadata":{"emulator":{"name":"functions"},"message":"[functions] Runtime ready! Sending request!"}}
[debug] [2024-05-29T03:01:25.131Z] [functions] Got req.url=/thinkless/us-central1/api/email/send, mapping to path=/email/send {"metadata":{"emulator":{"name":"functions"},"message":"[functions] Got req.url=/thinkless/us-central1/api/email/send, mapping to path=/email/send"}}
[debug] [2024-05-29T03:01:25.131Z] [worker-pool] submitRequest(triggerId=us-central1-api) {"metadata":{"emulator":{"name":"functions"},"message":"[worker-pool] submitRequest(triggerId=us-central1-api)"}}
[info] i  functions: Beginning execution of "us-central1-api" {"metadata":{"emulator":{"name":"functions"},"function":{"name":"us-central1-api"},"extension":{},"message":"Beginning execution of \"us-central1-api\""}}
[debug] [2024-05-29T03:01:25.132Z] [worker-us-central1-api-db3c9267-2920-4b8f-b6a9-af6c358b45f1]: BUSY {"metadata":{"emulator":{"name":"functions"},"function":{"name":"us-central1-api"},"extension":{},"message":"[worker-us-central1-api-db3c9267-2920-4b8f-b6a9-af6c358b45f1]: BUSY"}}
[debug] [2024-05-29T03:01:25.560Z] Finishing up request with event=pause {"metadata":{"emulator":{"name":"functions"},"function":{"name":"us-central1-api"},"extension":{},"message":"Finishing up request with event=pause"}}
[info] i  functions: Finished "us-central1-api" in 428.717479ms {"metadata":{"emulator":{"name":"functions"},"function":{"name":"us-central1-api"},"extension":{},"message":"Finished \"us-central1-api\" in 428.717479ms"}}
[debug] [2024-05-29T03:01:25.561Z] [worker-us-central1-api-db3c9267-2920-4b8f-b6a9-af6c358b45f1]: IDLE {"metadata":{"emulator":{"name":"functions"},"function":{"name":"us-central1-api"},"extension":{},"message":"[worker-us-central1-api-db3c9267-2920-4b8f-b6a9-af6c358b45f1]: IDLE"}}
[debug] [2024-05-29T03:01:25.561Z] Finishing up request with event=finish {"metadata":{"emulator":{"name":"functions"},"function":{"name":"us-central1-api"},"extension":{},"message":"Finishing up request with event=finish"}}
[debug] [2024-05-29T03:01:25.561Z] Finishing up request with event=close {"metadata":{"emulator":{"name":"functions"},"function":{"name":"us-central1-api"},"extension":{},"message":"Finishing up request with event=close"}}
[debug] [2024-05-29T03:01:25.561Z] [work-queue] {"queuedWork":[],"queueLength":0,"runningWork":[],"workRunningCount":0}
[info] >  POST /email/send 200 424.627 ms - 545 {"user":"\u001b[0mPOST /email/send \u001b[32m200\u001b[0m 424.627 ms - 545\u001b[0m","metadata":{"emulator":{"name":"functions"},"function":{"name":"us-central1-api"},"extension":{},"message":"\u001b[90m> \u001b[39m \u001b[0mPOST /email/send \u001b[32m200\u001b[0m 424.627 ms - 545\u001b[0m"}}
[debug] [2024-05-29T03:04:32.892Z] File /home/caio-domingos/thinkless/intern/functions/src/api/routes/email/email.controller.ts changed, reloading triggers {"metadata":{"emulator":{"name":"functions"},"message":"File /home/caio-domingos/thinkless/intern/functions/src/api/routes/email/email.controller.ts changed, reloading triggers"}}
[debug] [2024-05-29T03:04:33.703Z] File /home/caio-domingos/thinkless/intern/functions/lib/api/routes/email/email.controller.js.map changed, reloading triggers {"metadata":{"emulator":{"name":"functions"},"message":"File /home/caio-domingos/thinkless/intern/functions/lib/api/routes/email/email.controller.js.map changed, reloading triggers"}}
[debug] [2024-05-29T03:04:33.703Z] File /home/caio-domingos/thinkless/intern/functions/lib/api/routes/email/email.controller.js changed, reloading triggers {"metadata":{"emulator":{"name":"functions"},"message":"File /home/caio-domingos/thinkless/intern/functions/lib/api/routes/email/email.controller.js changed, reloading triggers"}}
[debug] [2024-05-29T03:04:34.708Z] Validating nodejs source
[debug] [2024-05-29T03:04:35.338Z] > [functions] package.json contents: {
  "name": "functions",
  "scripts": {
    "lint": "eslint --ext .js,.ts .",
    "build": "tsc",
    "build:watch": "tsc --watch",
    "serve:only": "firebase emulators:start --only functions",
    "serve": "npm run build && firebase emulators:start --only functions",
    "shell": "npm run build && firebase functions:shell",
    "start": "npm run shell",
    "deploy": "firebase deploy --only functions",
    "logs": "firebase functions:log"
  },
  "engines": {
    "node": "18"
  },
  "main": "lib/index.js",
  "dependencies": {
    "compression": "^1.7.4",
    "cors": "^2.8.5",
    "express": "^4.19.2",
    "firebase-admin": "^12.1.0",
    "firebase-functions": "^5.0.0",
    "helmet": "^7.1.0",
    "hpp": "^0.2.3",
    "mailersend": "^2.2.0",
    "morgan": "^1.10.0"
  },
  "devDependencies": {
    "@types/compression": "^1.7.5",
    "@types/hpp": "^0.2.6",
    "@types/morgan": "^1.9.9",
    "@typescript-eslint/eslint-plugin": "^5.12.0",
    "@typescript-eslint/parser": "^5.12.0",
    "eslint": "^8.9.0",
    "eslint-config-google": "^0.14.0",
    "eslint-plugin-import": "^2.25.4",
    "firebase-functions-test": "^3.1.0",
    "typescript": "^4.9.0"
  },
  "private": true
}
[debug] [2024-05-29T03:04:35.339Z] Building nodejs source
[debug] [2024-05-29T03:04:35.339Z] Failed to find version of module node: reached end of search path /home/caio-domingos/thinkless/intern/functions/node_modules
[warn] ⚠  functions: Your requested "node" version "18" doesn't match your global version "20". Using node@20 from host. 
[debug] [2024-05-29T03:04:35.344Z] Could not find functions.yaml. Must use http discovery
[debug] [2024-05-29T03:04:35.347Z] Found firebase-functions binary at '/home/caio-domingos/thinkless/intern/functions/node_modules/.bin/firebase-functions'
[info] Serving at port 8507

[info] {"severity":"INFO","message":"Adding route: /email"}

[debug] [2024-05-29T03:04:35.855Z] Got response from /__/functions.yaml {"endpoints":{"api":{"availableMemoryMb":null,"timeoutSeconds":null,"minInstances":null,"maxInstances":null,"ingressSettings":null,"concurrency":null,"serviceAccountEmail":null,"vpc":null,"platform":"gcfv2","labels":{},"httpsTrigger":{},"entryPoint":"api"}},"specVersion":"v1alpha1","requiredAPIs":[]}
[info] ✔  functions: Loaded functions definitions from source: api. {"metadata":{"emulator":{"name":"functions"},"message":"Loaded functions definitions from source: api."}}
[debug] [2024-05-29T03:04:40.882Z] [worker-pool] Shutting down IDLE worker (us-central1-api) {"metadata":{"emulator":{"name":"functions"},"message":"[worker-pool] Shutting down IDLE worker (us-central1-api)"}}
[debug] [2024-05-29T03:04:40.882Z] [worker-us-central1-api-db3c9267-2920-4b8f-b6a9-af6c358b45f1]: FINISHING {"metadata":{"emulator":{"name":"functions"},"function":{"name":"us-central1-api"},"extension":{},"message":"[worker-us-central1-api-db3c9267-2920-4b8f-b6a9-af6c358b45f1]: FINISHING"}}
[debug] [2024-05-29T03:04:40.889Z] [worker-us-central1-api-db3c9267-2920-4b8f-b6a9-af6c358b45f1]: exited {"metadata":{"emulator":{"name":"functions"},"function":{"name":"us-central1-api"},"extension":{},"message":"[worker-us-central1-api-db3c9267-2920-4b8f-b6a9-af6c358b45f1]: exited"}}
[debug] [2024-05-29T03:04:40.889Z] [worker-us-central1-api-db3c9267-2920-4b8f-b6a9-af6c358b45f1]: FINISHED {"metadata":{"emulator":{"name":"functions"},"function":{"name":"us-central1-api"},"extension":{},"message":"[worker-us-central1-api-db3c9267-2920-4b8f-b6a9-af6c358b45f1]: FINISHED"}}
